<?xml version="1.0" encoding="UTF-8"?>
<!-- Generated by org.testng.reporters.JUnitXMLReporter -->
<testsuite ignored="0" hostname="DESKTOP-VEMJ6VN" failures="1" tests="1" name="Default test" time="5.586" errors="0" timestamp="2024-12-24T18:32:02 IST">
  <testcase classname="io.cucumber.testng.AbstractTestNGCucumberTests" name="runScenario" time="4.925">
    <failure type="java.lang.NullPointerException" message="Cannot invoke &amp;quot;org.openqa.selenium.WebElement.findElement(org.openqa.selenium.By)&amp;quot; because &amp;quot;prod&amp;quot; is null">
      <![CDATA[java.lang.NullPointerException: Cannot invoke "org.openqa.selenium.WebElement.findElement(org.openqa.selenium.By)" because "prod" is null
at selenium.SeleniumFramework.pageobject.ProductCatalog.addProductToCart(ProductCatalog.java:56)
at selenium.SeleniumFramework.stepDefinations.StepDefinationsImp.add_product_to_cart(StepDefinationsImp.java:44)
at ✽.I add product ZARA COAT 3  to cart(file:///C:/Users/User/Desktop/selenium/SeleniumFramework/src/test/java/cucumber/SubmitOrder.feature:12)
]]>
    </failure>
  </testcase> <!-- runScenario -->
</testsuite> <!-- Default test -->
