<?xml version="1.0" encoding="UTF-8"?>
<!-- Generated by org.testng.reporters.JUnitReportReporter -->
<testsuite hostname="DESKTOP-VEMJ6VN" failures="0" tests="1" name="cucumber.TestNGTestRunner" time="4.925" errors="1" timestamp="2024-12-24T18:32:02 IST" skipped="0">
  <testcase classname="cucumber.TestNGTestRunner" name="runScenario" time="4.925">
    <error message="Cannot invoke &quot;org.openqa.selenium.WebElement.findElement(org.openqa.selenium.By)&quot; because &quot;prod&quot; is null" type="java.lang.NullPointerException">
      <![CDATA[java.lang.NullPointerException: Cannot invoke "org.openqa.selenium.WebElement.findElement(org.openqa.selenium.By)" because "prod" is null
at selenium.SeleniumFramework.pageobject.ProductCatalog.addProductToCart(ProductCatalog.java:56)
at selenium.SeleniumFramework.stepDefinations.StepDefinationsImp.add_product_to_cart(StepDefinationsImp.java:44)
at ✽.I add product ZARA COAT 3  to cart(file:///C:/Users/User/Desktop/selenium/SeleniumFramework/src/test/java/cucumber/SubmitOrder.feature:12)
]]>
    </error>
  </testcase> <!-- runScenario -->
  <system-out/>
</testsuite> <!-- cucumber.TestNGTestRunner -->
